# JRE version: Java(TM) SE Runtime Environment (8.0_301-b09) (build 1.8.0_301-b09)
# Java VM: Java HotSpot(TM) 64-Bit Server VM (25.301-b09 mixed mode windows-amd64 compressed oops)
Heap:
 PSYoungGen      total 457216K, used 76654K [0x000000076b700000, 0x0000000791080000, 0x00000007c0000000)
  eden space 427008K, 12% used [0x000000076b700000,0x000000076e9fab18,0x0000000785800000)
  from space 30208K, 80% used [0x0000000785800000,0x0000000786fe0e10,0x0000000787580000)
  to   space 42496K, 0% used [0x000000078e700000,0x000000078e700000,0x0000000791080000)
 ParOldGen       total 247808K, used 62302K [0x00000006c2400000, 0x00000006d1600000, 0x000000076b700000)
  object space 247808K, 25% used [0x00000006c2400000,0x00000006c60d7b30,0x00000006d1600000)
 Metaspace       used 67945K, capacity 71534K, committed 71808K, reserved 1112064K
  class space    used 8200K, capacity 8801K, committed 8832K, reserved 1048576K
GC Heap History (10 events):
Event: 6.145 GC heap before
{Heap before GC invocations=8 (full 2):
 PSYoungGen      total 452608K, used 24122K [0x000000076b700000, 0x0000000789300000, 0x00000007c0000000)
  eden space 427008K, 0% used [0x000000076b700000,0x000000076b700000,0x0000000785800000)
  from space 25600K, 94% used [0x0000000787680000,0x0000000788e0e9b8,0x0000000788f80000)
  to   space 30208K, 0% used [0x0000000785800000,0x0000000785800000,0x0000000787580000)
 ParOldGen       total 106496K, used 26225K [0x00000006c2400000, 0x00000006c8c00000, 0x000000076b700000)
  object space 106496K, 24% used [0x00000006c2400000,0x00000006c3d9c498,0x00000006c8c00000)
 Metaspace       used 33320K, capacity 35402K, committed 35496K, reserved 1081344K
  class space    used 3932K, capacity 4341K, committed 4352K, reserved 1048576K
Event: 6.190 GC heap after
Heap after GC invocations=8 (full 2):
 PSYoungGen      total 452608K, used 0K [0x000000076b700000, 0x0000000789300000, 0x00000007c0000000)
  eden space 427008K, 0% used [0x000000076b700000,0x000000076b700000,0x0000000785800000)
  from space 25600K, 0% used [0x0000000787680000,0x0000000787680000,0x0000000788f80000)
  to   space 30208K, 0% used [0x0000000785800000,0x0000000785800000,0x0000000787580000)
 ParOldGen       total 177664K, used 36519K [0x00000006c2400000, 0x00000006cd180000, 0x000000076b700000)
  object space 177664K, 20% used [0x00000006c2400000,0x00000006c47a9fa0,0x00000006cd180000)
 Metaspace       used 33320K, capacity 35402K, committed 35496K, reserved 1081344K
  class space    used 3932K, capacity 4341K, committed 4352K, reserved 1048576K
}
Event: 8.674 GC heap before
{Heap before GC invocations=9 (full 2):
 PSYoungGen      total 452608K, used 427008K [0x000000076b700000, 0x0000000789300000, 0x00000007c0000000)
  eden space 427008K, 100% used [0x000000076b700000,0x0000000785800000,0x0000000785800000)
  from space 25600K, 0% used [0x0000000787680000,0x0000000787680000,0x0000000788f80000)
  to   space 30208K, 0% used [0x0000000785800000,0x0000000785800000,0x0000000787580000)
 ParOldGen       total 177664K, used 36519K [0x00000006c2400000, 0x00000006cd180000, 0x000000076b700000)
  object space 177664K, 20% used [0x00000006c2400000,0x00000006c47a9fa0,0x00000006cd180000)
 Metaspace       used 50283K, capacity 52794K, committed 53120K, reserved 1095680K
  class space    used 5989K, capacity 6467K, committed 6528K, reserved 1048576K
Event: 8.696 GC heap after
Heap after GC invocations=9 (full 2):
 PSYoungGen      total 457216K, used 30181K [0x000000076b700000, 0x0000000789300000, 0x00000007c0000000)
  eden space 427008K, 0% used [0x000000076b700000,0x000000076b700000,0x0000000785800000)
  from space 30208K, 99% used [0x0000000785800000,0x00000007875796a0,0x0000000787580000)
  to   space 25600K, 0% used [0x0000000787680000,0x0000000787680000,0x0000000788f80000)
 ParOldGen       total 177664K, used 39914K [0x00000006c2400000, 0x00000006cd180000, 0x000000076b700000)
  object space 177664K, 22% used [0x00000006c2400000,0x00000006c4afa878,0x00000006cd180000)
 Metaspace       used 50283K, capacity 52794K, committed 53120K, reserved 1095680K
  class space    used 5989K, capacity 6467K, committed 6528K, reserved 1048576K
}
Event: 9.321 GC heap before
{Heap before GC invocations=10 (full 2):
 PSYoungGen      total 457216K, used 181433K [0x000000076b700000, 0x0000000789300000, 0x00000007c0000000)
  eden space 427008K, 35% used [0x000000076b700000,0x0000000774ab50b8,0x0000000785800000)
  from space 30208K, 99% used [0x0000000785800000,0x00000007875796a0,0x0000000787580000)
  to   space 25600K, 0% used [0x0000000787680000,0x0000000787680000,0x0000000788f80000)
 ParOldGen       total 177664K, used 39914K [0x00000006c2400000, 0x00000006cd180000, 0x000000076b700000)
  object space 177664K, 22% used [0x00000006c2400000,0x00000006c4afa878,0x00000006cd180000)
 Metaspace       used 56370K, capacity 58954K, committed 59160K, reserved 1101824K
  class space    used 6828K, capacity 7293K, committed 7296K, reserved 1048576K
Event: 9.339 GC heap after
Heap after GC invocations=10 (full 2):
 PSYoungGen      total 452608K, used 25597K [0x000000076b700000, 0x0000000789300000, 0x00000007c0000000)
  eden space 427008K, 0% used [0x000000076b700000,0x000000076b700000,0x0000000785800000)
  from space 25600K, 99% used [0x0000000787680000,0x0000000788f7f588,0x0000000788f80000)
  to   space 30208K, 0% used [0x0000000785800000,0x0000000785800000,0x0000000787580000)
 ParOldGen       total 177664K, used 49170K [0x00000006c2400000, 0x00000006cd180000, 0x000000076b700000)
  object space 177664K, 27% used [0x00000006c2400000,0x00000006c54049a0,0x00000006cd180000)
 Metaspace       used 56370K, capacity 58954K, committed 59160K, reserved 1101824K
  class space    used 6828K, capacity 7293K, committed 7296K, reserved 1048576K
}
Event: 9.339 GC heap before
{Heap before GC invocations=11 (full 3):
 PSYoungGen      total 452608K, used 25597K [0x000000076b700000, 0x0000000789300000, 0x00000007c0000000)
  eden space 427008K, 0% used [0x000000076b700000,0x000000076b700000,0x0000000785800000)
  from space 25600K, 99% used [0x0000000787680000,0x0000000788f7f588,0x0000000788f80000)
  to   space 30208K, 0% used [0x0000000785800000,0x0000000785800000,0x0000000787580000)
 ParOldGen       total 177664K, used 49170K [0x00000006c2400000, 0x00000006cd180000, 0x000000076b700000)
  object space 177664K, 27% used [0x00000006c2400000,0x00000006c54049a0,0x00000006cd180000)
 Metaspace       used 56370K, capacity 58954K, committed 59160K, reserved 1101824K
  class space    used 6828K, capacity 7293K, committed 7296K, reserved 1048576K
Event: 9.469 GC heap after
Heap after GC invocations=11 (full 3):
 PSYoungGen      total 452608K, used 0K [0x000000076b700000, 0x0000000789300000, 0x00000007c0000000)
  eden space 427008K, 0% used [0x000000076b700000,0x000000076b700000,0x0000000785800000)
  from space 25600K, 0% used [0x0000000787680000,0x0000000787680000,0x0000000788f80000)
  to   space 30208K, 0% used [0x0000000785800000,0x0000000785800000,0x0000000787580000)
 ParOldGen       total 247808K, used 62294K [0x00000006c2400000, 0x00000006d1600000, 0x000000076b700000)
  object space 247808K, 25% used [0x00000006c2400000,0x00000006c60d5b30,0x00000006d1600000)
 Metaspace       used 56370K, capacity 58954K, committed 59160K, reserved 1101824K
  class space    used 6828K, capacity 7293K, committed 7296K, reserved 1048576K
}
Event: 12.131 GC heap before
{Heap before GC invocations=12 (full 3):
 PSYoungGen      total 452608K, used 427008K [0x000000076b700000, 0x0000000789300000, 0x00000007c0000000)
  eden space 427008K, 100% used [0x000000076b700000,0x0000000785800000,0x0000000785800000)
  from space 25600K, 0% used [0x0000000787680000,0x0000000787680000,0x0000000788f80000)
  to   space 30208K, 0% used [0x0000000785800000,0x0000000785800000,0x0000000787580000)
 ParOldGen       total 247808K, used 62294K [0x00000006c2400000, 0x00000006d1600000, 0x000000076b700000)
  object space 247808K, 25% used [0x00000006c2400000,0x00000006c60d5b30,0x00000006d1600000)
 Metaspace       used 67083K, capacity 70562K, committed 70656K, reserved 1112064K
  class space    used 8099K, capacity 8697K, committed 8704K, reserved 1048576K
Event: 12.153 GC heap after
Heap after GC invocations=12 (full 3):
 PSYoungGen      total 457216K, used 24451K [0x000000076b700000, 0x0000000791080000, 0x00000007c0000000)
  eden space 427008K, 0% used [0x000000076b700000,0x000000076b700000,0x0000000785800000)
  from space 30208K, 80% used [0x0000000785800000,0x0000000786fe0e10,0x0000000787580000)
  to   space 42496K, 0% used [0x000000078e700000,0x000000078e700000,0x0000000791080000)
 ParOldGen       total 247808K, used 62302K [0x00000006c2400000, 0x00000006d1600000, 0x000000076b700000)
  object space 247808K, 25% used [0x00000006c2400000,0x00000006c60d7b30,0x00000006d1600000)
 Metaspace       used 67083K, capacity 70562K, committed 70656K, reserved 1112064K
  class space    used 8099K, capacity 8697K, committed 8704K, reserved 1048576K
}

